<?xml version="1.0" encoding="UTF-8"?>
<!-- Generated by org.testng.reporters.JUnitXMLReporter -->
<testsuite hostname="LAP-143-HF32" name="Default test" tests="1" failures="0" timestamp="9 Aug 2016 04:59:08 GMT" time="0.021" errors="0">
  <testcase name="@BeforeSuite beforeTestSuite" time="0.0" classname="com.spire.lookUpResources.LookUpResourcesTestPlan">
    <failure type="java.lang.AssertionError" message="Applocation is down, so skipping all tests expected [true] but found [false]">
      <![CDATA[java.lang.AssertionError: Applocation is down, so skipping all tests expected [true] but found [false]
	at org.testng.Assert.fail(Assert.java:94)
	at org.testng.Assert.failNotEquals(Assert.java:494)
	at org.testng.Assert.assertTrue(Assert.java:42)
	at com.spire.base.controller.Assertion.assertTrue(Assertion.java:178)
	at com.spire.base.controller.TestPlan.beforeTestSuite(TestPlan.java:136)
	at sun.reflect.NativeMethodAccessorImpl.invoke0(Native Method)
	at sun.reflect.NativeMethodAccessorImpl.invoke(NativeMethodAccessorImpl.java:62)
	at sun.reflect.DelegatingMethodAccessorImpl.invoke(DelegatingMethodAccessorImpl.java:43)
	at java.lang.reflect.Method.invoke(Method.java:497)
	at org.testng.internal.MethodInvocationHelper.invokeMethod(MethodInvocationHelper.java:85)
	at org.testng.internal.Invoker.invokeConfigurationMethod(Invoker.java:552)
	at org.testng.internal.Invoker.invokeConfigurations(Invoker.java:215)
	at org.testng.internal.Invoker.invokeConfigurations(Invoker.java:140)
	at org.testng.SuiteRunner.privateRun(SuiteRunner.java:291)
	at org.testng.SuiteRunner.run(SuiteRunner.java:254)
	at org.testng.SuiteRunnerWorker.runSuite(SuiteRunnerWorker.java:52)
	at org.testng.SuiteRunnerWorker.run(SuiteRunnerWorker.java:86)
	at org.testng.TestNG.runSuitesSequentially(TestNG.java:1224)
	at org.testng.TestNG.runSuitesLocally(TestNG.java:1149)
	at org.testng.TestNG.run(TestNG.java:1057)
	at org.testng.remote.RemoteTestNG.run(RemoteTestNG.java:111)
	at org.testng.remote.RemoteTestNG.initAndRun(RemoteTestNG.java:204)
	at org.testng.remote.RemoteTestNG.main(RemoteTestNG.java:175)
]]>
    </failure>
  </testcase> <!-- @BeforeSuite beforeTestSuite -->
  <testcase name="@BeforeTest beforeTest" time="0.0" classname="com.spire.lookUpResources.LookUpResourcesTestPlan">
    <skipped/>
  </testcase> <!-- @BeforeTest beforeTest -->
  <testcase name="@BeforeTest setUp" time="0.0" classname="com.spire.lookUpResources.LookUpResourcesTestPlan">
    <skipped/>
  </testcase> <!-- @BeforeTest setUp -->
  <testcase name="@BeforeMethod beforeTestMethod" time="0.0" classname="com.spire.lookUpResources.LookUpResourcesTestPlan">
    <skipped/>
  </testcase> <!-- @BeforeMethod beforeTestMethod -->
  <testcase name="verifyLookupservices" time="0.0" classname="com.spire.lookUpResources.LookUpResourcesTestPlan">
    <skipped/>
  </testcase> <!-- verifyLookupservices -->
</testsuite> <!-- Default test -->
